<?xml version="1.0" encoding="UTF-8"?>
<testsuite xmlns:xsi="http://www.w3.org/2001/XMLSchema-instance" xsi:noNamespaceSchemaLocation="https://maven.apache.org/surefire/maven-surefire-plugin/xsd/surefire-test-report-3.0.xsd" version="3.0" name="com.banking.service.RegistrationServiceTest" time="0.003" tests="9" errors="0" skipped="0" failures="0">
  <properties>
[...]
</properties>
  <testcase name="saveTest" classname="com.banking.service.RegistrationServiceTest" time="0"/>
  <testcase name="saveNullTest" classname="com.banking.service.RegistrationServiceTest" time="0"/>
  <testcase name="saveInvalidAgeTest" classname="com.banking.service.RegistrationServiceTest" time="0"/>
  <testcase name="saveNotEqualTest" classname="com.banking.service.RegistrationServiceTest" time="0"/>
  <testcase name="saveInvalidLastNameTest" classname="com.banking.service.RegistrationServiceTest" time="0.001"/>
  <testcase name="saveInvalidPasswordTest" classname="com.banking.service.RegistrationServiceTest" time="0"/>
  <testcase name="saveInvalidFirstNameTest" classname="com.banking.service.RegistrationServiceTest" time="0.001"/>
  <testcase name="saveInvalidUserNameTest" classname="com.banking.service.RegistrationServiceTest" time="0"/>
  <testcase name="saveNullNotEqualTest" classname="com.banking.service.RegistrationServiceTest" time="0.001"/>
</testsuite>